<?xml version="1.0" encoding="UTF-8"?>
<!-- Generated by org.testng.reporters.JUnitXMLReporter -->
<testsuite ignored="0" hostname="Divyanshu" failures="0" tests="9" name="Default test" time="19.94" errors="0" timestamp="2024-01-11T20:31:29 IST">
  <testcase classname="EcommerceWebsite.Automation.EcommerceTest" name="afterMethod" time="2.004"/>
  <testcase classname="EcommerceWebsite.Automation.EcommerceTest" name="checkContentRefreshFrequencyTest" time="10.308"/>
  <testcase classname="EcommerceWebsite.Automation.EcommerceTest" name="checkImageVisibilityTest" time="3.22"/>
  <testcase classname="EcommerceWebsite.Automation.EcommerceTest" name="flipkart" time="0.002"/>
  <testcase classname="EcommerceWebsite.Automation.EcommerceTest" name="measurePageLoadTimeTest" time="0.005"/>
  <testcase classname="EcommerceWebsite.Automation.EcommerceTest" name="scrollFeature" time="0.062"/>
  <testcase classname="EcommerceWebsite.Automation.EcommerceTest" name="scrollToEnd" time="0.077"/>
  <testcase classname="EcommerceWebsite.Automation.EcommerceTest" name="verifyImageDownloadAndDisplayTimingTest" time="2.124"/>
  <testcase classname="EcommerceWebsite.Automation.EcommerceTest" name="verifyScrollToBottomTest" time="2.082"/>
</testsuite> <!-- Default test -->
