<?xml version="1.0" encoding="UTF-8"?>
<!-- Generated by org.testng.reporters.JUnitXMLReporter -->
<testsuite ignored="0" hostname="Divyanshu" failures="0" tests="9" name="Test" time="20.684" errors="0" timestamp="2024-01-11T20:40:46 IST">
  <testcase classname="EcommerceWebsite.Automation.EcommerceTest" name="afterMethod" time="2.639"/>
  <testcase classname="EcommerceWebsite.Automation.EcommerceTest" name="checkContentRefreshFrequencyTest" time="10.199"/>
  <testcase classname="EcommerceWebsite.Automation.EcommerceTest" name="checkImageVisibilityTest" time="3.238"/>
  <testcase classname="EcommerceWebsite.Automation.EcommerceTest" name="flipkart" time="0.001"/>
  <testcase classname="EcommerceWebsite.Automation.EcommerceTest" name="measurePageLoadTimeTest" time="0.006"/>
  <testcase classname="EcommerceWebsite.Automation.EcommerceTest" name="scrollFeature" time="0.064"/>
  <testcase classname="EcommerceWebsite.Automation.EcommerceTest" name="scrollToEnd" time="0.231"/>
  <testcase classname="EcommerceWebsite.Automation.EcommerceTest" name="verifyImageDownloadAndDisplayTimingTest" time="2.115"/>
  <testcase classname="EcommerceWebsite.Automation.EcommerceTest" name="verifyScrollToBottomTest" time="2.132"/>
</testsuite> <!-- Test -->
